<?xml version="1.0" encoding="UTF-8"?>
<testsuite xmlns:xsi="http://www.w3.org/2001/XMLSchema-instance" xsi:noNamespaceSchemaLocation="https://maven.apache.org/surefire/maven-surefire-plugin/xsd/surefire-test-report.xsd" name="vkTest" time="3.193" tests="4" errors="0" skipped="0" failures="2">
  <properties>
[...]
</properties>
  <testcase name="assertPostWithPhoto" classname="vkTest" time="2.237"/>
  <testcase name="assertWallPost" classname="vkTest" time="0.207"/>
  <testcase name="assertEditPost" classname="vkTest" time="0.241">
    <failure message="expected:&lt;{&quot;[response&quot;:1]}&gt; but was:&lt;{&quot;[error&quot;:{&quot;error_code&quot;:10,&quot;error_msg&quot;:&quot;Internal server error: post or comment deleted&quot;,&quot;request_params&quot;:[{&quot;key&quot;:&quot;oauth&quot;,&quot;value&quot;:&quot;1&quot;},{&quot;key&quot;:&quot;method&quot;,&quot;value&quot;:&quot;wall.edit&quot;},{&quot;key&quot;:&quot;owner_id&quot;,&quot;value&quot;:&quot;536083852&quot;},{&quot;key&quot;:&quot;v&quot;,&quot;value&quot;:&quot;5.92&quot;},{&quot;key&quot;:&quot;message&quot;,&quot;value&quot;:&quot;I edit this message&quot;},{&quot;key&quot;:&quot;post_id&quot;,&quot;value&quot;:&quot;421&quot;}]}]}&gt;" type="org.junit.ComparisonFailure"><![CDATA[org.junit.ComparisonFailure: expected:<{"[response":1]}> but was:<{"[error":{"error_code":10,"error_msg":"Internal server error: post or comment deleted","request_params":[{"key":"oauth","value":"1"},{"key":"method","value":"wall.edit"},{"key":"owner_id","value":"536083852"},{"key":"v","value":"5.92"},{"key":"message","value":"I edit this message"},{"key":"post_id","value":"421"}]}]}>
	at vkTest.assertEditPost(vkTest.java:31)
]]></failure>
    <system-out><![CDATA[{"error":{"error_code":10,"error_msg":"Internal server error: post or comment deleted","request_params":[{"key":"oauth","value":"1"},{"key":"method","value":"wall.edit"},{"key":"owner_id","value":"536083852"},{"key":"v","value":"5.92"},{"key":"message","value":"I edit this message"},{"key":"post_id","value":"421"}]}}
]]></system-out>
  </testcase>
  <testcase name="deletePost" classname="vkTest" time="0.166">
    <failure message="expected:&lt;{&quot;[response&quot;:1]}&gt; but was:&lt;{&quot;[error&quot;:{&quot;error_code&quot;:210,&quot;error_msg&quot;:&quot;Access to wall&apos;s post denied&quot;,&quot;request_params&quot;:[{&quot;key&quot;:&quot;oauth&quot;,&quot;value&quot;:&quot;1&quot;},{&quot;key&quot;:&quot;method&quot;,&quot;value&quot;:&quot;wall.delete&quot;},{&quot;key&quot;:&quot;owner_id&quot;,&quot;value&quot;:&quot;536083852&quot;},{&quot;key&quot;:&quot;v&quot;,&quot;value&quot;:&quot;5.92&quot;},{&quot;key&quot;:&quot;post_id&quot;,&quot;value&quot;:&quot;421&quot;}]}]}&gt;" type="org.junit.ComparisonFailure"><![CDATA[org.junit.ComparisonFailure: expected:<{"[response":1]}> but was:<{"[error":{"error_code":210,"error_msg":"Access to wall's post denied","request_params":[{"key":"oauth","value":"1"},{"key":"method","value":"wall.delete"},{"key":"owner_id","value":"536083852"},{"key":"v","value":"5.92"},{"key":"post_id","value":"421"}]}]}>
	at vkTest.deletePost(vkTest.java:38)
]]></failure>
    <system-out><![CDATA[{"error":{"error_code":210,"error_msg":"Access to wall's post denied","request_params":[{"key":"oauth","value":"1"},{"key":"method","value":"wall.delete"},{"key":"owner_id","value":"536083852"},{"key":"v","value":"5.92"},{"key":"post_id","value":"421"}]}}
]]></system-out>
  </testcase>
</testsuite>